assignment.html     http://outreach.vlabs.ac.in/
feedback.html     http://outreach.vlabs.ac.in/
index.html     http://outreach.vlabs.ac.in/
performance-report.html     http://vlab.co.in
pretest.html     http://outreach.vlabs.ac.in/
procedure.html     http://outreach.vlabs.ac.in/
references.html     http://faculty.plattsburgh.edu/tom.moffett/che101/calorimetrylab.pdf
references.html     http://mccord.cm.utexas.edu/courses/help/Calorimetry.pdf
references.html     http://media.wiley.com/product_data/excerpt/2X/.../047085152X.pdf
references.html     http://www.equilabo.com/Documentation/Calorim%C3%A8tre.pdf
references.html     http://www.scribd.com/doc/2280552/Calorimetry
references.html     http://www.files.chem.vt.edu/RVGS/ACT/lab/Experiments/Exp_9-Heat_of_Rxns.html
references.html     http://chemwiki.ucdavis.edu/Physical_Chemistry/Thermodynamics/Calorimetry/Application_of_calorimetry
references.html     http://www.bioch.ox.ac.uk/aspsite/services/equipmentbooking/.../weber.pdf
references.html     http://www.saskschools.ca/curr_content/physics20/heat/calorimeter.htm
references.html     http://www.chem.wisc.edu/deptfiles/genchem/netorial/modules/thermodynamics/chemical/chemical2.htm
references.html     http://outreach.vlabs.ac.in/
theory.html     http://outreach.vlabs.ac.in/
validator-report.html     http://vlab.co.in
simulation/default.html     http://en.wikipedia.org/wiki/
                Simple_harmonic_motion
simulation/default.html     http://www.physics.uoguelph.ca/
                tutorials/shm/Q.shm.html
simulation/default.html     http://surendranath.tripod.com/Applets/
                Oscillations/SHM/SHMApplet.html
